{"/home/ec2-user/ecommerce-lab/app.js": {"path":"/home/ec2-user/ecommerce-lab/app.js","statementMap":{"0":{"start":{"line":1,"column":16},"end":{"line":1,"column":34}},"1":{"start":{"line":2,"column":12},"end":{"line":2,"column":21}},"2":{"start":{"line":4,"column":0},"end":{"line":4,"column":24}},"3":{"start":{"line":6,"column":15},"end":{"line":9,"column":1}},"4":{"start":{"line":12,"column":0},"end":{"line":14,"column":3}},"5":{"start":{"line":13,"column":1},"end":{"line":13,"column":32}},"6":{"start":{"line":17,"column":0},"end":{"line":25,"column":3}},"7":{"start":{"line":18,"column":19},"end":{"line":18,"column":42}},"8":{"start":{"line":19,"column":17},"end":{"line":19,"column":55}},"9":{"start":{"line":19,"column":36},"end":{"line":19,"column":54}},"10":{"start":{"line":20,"column":1},"end":{"line":24,"column":2}},"11":{"start":{"line":21,"column":2},"end":{"line":21,"column":32}},"12":{"start":{"line":23,"column":2},"end":{"line":23,"column":57}},"13":{"start":{"line":28,"column":0},"end":{"line":37,"column":3}},"14":{"start":{"line":29,"column":19},"end":{"line":34,"column":1}},"15":{"start":{"line":35,"column":0},"end":{"line":35,"column":26}},"16":{"start":{"line":36,"column":0},"end":{"line":36,"column":33}},"17":{"start":{"line":40,"column":0},"end":{"line":51,"column":3}},"18":{"start":{"line":41,"column":18},"end":{"line":41,"column":41}},"19":{"start":{"line":42,"column":16},"end":{"line":42,"column":54}},"20":{"start":{"line":42,"column":35},"end":{"line":42,"column":53}},"21":{"start":{"line":43,"column":1},"end":{"line":50,"column":2}},"22":{"start":{"line":44,"column":2},"end":{"line":44,"column":47}},"23":{"start":{"line":45,"column":2},"end":{"line":45,"column":50}},"24":{"start":{"line":46,"column":2},"end":{"line":46,"column":50}},"25":{"start":{"line":47,"column":2},"end":{"line":47,"column":32}},"26":{"start":{"line":49,"column":2},"end":{"line":49,"column":57}},"27":{"start":{"line":54,"column":0},"end":{"line":63,"column":3}},"28":{"start":{"line":55,"column":18},"end":{"line":55,"column":41}},"29":{"start":{"line":56,"column":21},"end":{"line":56,"column":64}},"30":{"start":{"line":56,"column":45},"end":{"line":56,"column":63}},"31":{"start":{"line":57,"column":1},"end":{"line":62,"column":2}},"32":{"start":{"line":58,"column":2},"end":{"line":58,"column":35}},"33":{"start":{"line":59,"column":2},"end":{"line":59,"column":55}},"34":{"start":{"line":61,"column":2},"end":{"line":61,"column":57}},"35":{"start":{"line":64,"column":0},"end":{"line":64,"column":21}}},"fnMap":{"0":{"name":"(anonymous_0)","decl":{"start":{"line":12,"column":21},"end":{"line":12,"column":22}},"loc":{"start":{"line":12,"column":35},"end":{"line":14,"column":1}},"line":12},"1":{"name":"(anonymous_1)","decl":{"start":{"line":17,"column":25},"end":{"line":17,"column":26}},"loc":{"start":{"line":17,"column":39},"end":{"line":25,"column":1}},"line":17},"2":{"name":"(anonymous_2)","decl":{"start":{"line":19,"column":31},"end":{"line":19,"column":32}},"loc":{"start":{"line":19,"column":36},"end":{"line":19,"column":54}},"line":19},"3":{"name":"(anonymous_3)","decl":{"start":{"line":28,"column":22},"end":{"line":28,"column":23}},"loc":{"start":{"line":28,"column":36},"end":{"line":37,"column":1}},"line":28},"4":{"name":"(anonymous_4)","decl":{"start":{"line":40,"column":25},"end":{"line":40,"column":26}},"loc":{"start":{"line":40,"column":39},"end":{"line":51,"column":1}},"line":40},"5":{"name":"(anonymous_5)","decl":{"start":{"line":42,"column":30},"end":{"line":42,"column":31}},"loc":{"start":{"line":42,"column":35},"end":{"line":42,"column":53}},"line":42},"6":{"name":"(anonymous_6)","decl":{"start":{"line":54,"column":28},"end":{"line":54,"column":29}},"loc":{"start":{"line":54,"column":42},"end":{"line":63,"column":1}},"line":54},"7":{"name":"(anonymous_7)","decl":{"start":{"line":56,"column":40},"end":{"line":56,"column":41}},"loc":{"start":{"line":56,"column":45},"end":{"line":56,"column":63}},"line":56}},"branchMap":{"0":{"loc":{"start":{"line":20,"column":1},"end":{"line":24,"column":2}},"type":"if","locations":[{"start":{"line":20,"column":1},"end":{"line":24,"column":2}},{"start":{"line":22,"column":8},"end":{"line":24,"column":2}}],"line":20},"1":{"loc":{"start":{"line":43,"column":1},"end":{"line":50,"column":2}},"type":"if","locations":[{"start":{"line":43,"column":1},"end":{"line":50,"column":2}},{"start":{"line":48,"column":8},"end":{"line":50,"column":2}}],"line":43},"2":{"loc":{"start":{"line":44,"column":17},"end":{"line":44,"column":46}},"type":"binary-expr","locations":[{"start":{"line":44,"column":17},"end":{"line":44,"column":30}},{"start":{"line":44,"column":34},"end":{"line":44,"column":46}}],"line":44},"3":{"loc":{"start":{"line":45,"column":18},"end":{"line":45,"column":49}},"type":"binary-expr","locations":[{"start":{"line":45,"column":18},"end":{"line":45,"column":32}},{"start":{"line":45,"column":36},"end":{"line":45,"column":49}}],"line":45},"4":{"loc":{"start":{"line":46,"column":18},"end":{"line":46,"column":49}},"type":"binary-expr","locations":[{"start":{"line":46,"column":18},"end":{"line":46,"column":32}},{"start":{"line":46,"column":36},"end":{"line":46,"column":49}}],"line":46},"5":{"loc":{"start":{"line":57,"column":1},"end":{"line":62,"column":2}},"type":"if","locations":[{"start":{"line":57,"column":1},"end":{"line":62,"column":2}},{"start":{"line":60,"column":8},"end":{"line":62,"column":2}}],"line":57}},"s":{"0":1,"1":1,"2":1,"3":1,"4":1,"5":1,"6":1,"7":2,"8":2,"9":3,"10":2,"11":1,"12":1,"13":1,"14":1,"15":1,"16":1,"17":1,"18":2,"19":2,"20":6,"21":2,"22":1,"23":1,"24":1,"25":1,"26":1,"27":1,"28":2,"29":2,"30":4,"31":2,"32":1,"33":1,"34":1,"35":1},"f":{"0":1,"1":2,"2":3,"3":1,"4":2,"5":6,"6":2,"7":4},"b":{"0":[1,1],"1":[1,1],"2":[1,0],"3":[1,1],"4":[1,1],"5":[1,1]},"_coverageSchema":"1a1c01bbd47fc00a2c39e90264f33305004495a9","hash":"f509f7af5a404ff69cceb80f593c42b6217aacb5"}
}
